[0.105s] DEBUG:colcon:Command line arguments: ['/usr/bin/colcon', 'build']
[0.105s] DEBUG:colcon:Parsed command line arguments: Namespace(log_base=None, log_level=None, verb_name='build', build_base='build', install_base='install', merge_install=False, symlink_install=False, test_result_base=None, continue_on_error=False, executor='parallel', parallel_workers=24, event_handlers=None, ignore_user_meta=False, metas=['./colcon.meta'], base_paths=['.'], packages_ignore=None, packages_ignore_regex=None, paths=None, packages_up_to=None, packages_up_to_regex=None, packages_above=None, packages_above_and_dependencies=None, packages_above_depth=None, packages_select_by_dep=None, packages_skip_by_dep=None, packages_skip_up_to=None, packages_select_build_failed=False, packages_skip_build_finished=False, packages_select_test_failures=False, packages_skip_test_passed=False, packages_select=None, packages_skip=None, packages_select_regex=None, packages_skip_regex=None, packages_start=None, packages_end=None, allow_overriding=[], cmake_args=None, cmake_target=None, cmake_target_skip_unavailable=False, cmake_clean_cache=False, cmake_clean_first=False, cmake_force_configure=False, ament_cmake_args=None, catkin_cmake_args=None, catkin_skip_building_tests=False, mixin_files=None, mixin=None, verb_parser=<colcon_mixin.mixin.mixin_argument.MixinArgumentDecorator object at 0x7f1a2c76a3e0>, verb_extension=<colcon_core.verb.build.BuildVerb object at 0x7f1a2c769c60>, main=<bound method BuildVerb.main of <colcon_core.verb.build.BuildVerb object at 0x7f1a2c769c60>>, mixin_verb=('build',))
[0.172s] Level 1:colcon.colcon_core.package_discovery:discover_packages(colcon_meta) check parameters
[0.172s] Level 1:colcon.colcon_core.package_discovery:discover_packages(recursive) check parameters
[0.172s] Level 1:colcon.colcon_core.package_discovery:discover_packages(ignore) check parameters
[0.172s] Level 1:colcon.colcon_core.package_discovery:discover_packages(path) check parameters
[0.172s] Level 1:colcon.colcon_core.package_discovery:discover_packages(colcon_meta) discover
[0.172s] Level 1:colcon.colcon_core.package_discovery:discover_packages(recursive) discover
[0.172s] INFO:colcon.colcon_core.package_discovery:Crawling recursively for packages in '/home/cfh/ntest'
[0.173s] Level 1:colcon.colcon_core.package_identification:_identify(.) by extensions ['ignore', 'ignore_ament_install']
[0.173s] Level 1:colcon.colcon_core.package_identification:_identify(.) by extension 'ignore'
[0.173s] Level 1:colcon.colcon_core.package_identification:_identify(.) by extension 'ignore_ament_install'
[0.173s] Level 1:colcon.colcon_core.package_identification:_identify(.) by extensions ['colcon_pkg']
[0.173s] Level 1:colcon.colcon_core.package_identification:_identify(.) by extension 'colcon_pkg'
[0.173s] Level 1:colcon.colcon_core.package_identification:_identify(.) by extensions ['colcon_meta']
[0.173s] Level 1:colcon.colcon_core.package_identification:_identify(.) by extension 'colcon_meta'
[0.173s] Level 1:colcon.colcon_core.package_identification:_identify(.) by extensions ['ros']
[0.173s] Level 1:colcon.colcon_core.package_identification:_identify(.) by extension 'ros'
[0.178s] Level 1:colcon.colcon_core.package_identification:_identify(.) by extensions ['cmake', 'python']
[0.178s] Level 1:colcon.colcon_core.package_identification:_identify(.) by extension 'cmake'
[0.178s] Level 1:colcon.colcon_core.package_identification:_identify(.) by extension 'python'
[0.178s] Level 1:colcon.colcon_core.package_identification:_identify(.) by extensions ['python_setup_py']
[0.178s] Level 1:colcon.colcon_core.package_identification:_identify(.) by extension 'python_setup_py'
[0.178s] Level 1:colcon.colcon_core.package_identification:_identify(build) by extensions ['ignore', 'ignore_ament_install']
[0.178s] Level 1:colcon.colcon_core.package_identification:_identify(build) by extension 'ignore'
[0.178s] Level 1:colcon.colcon_core.package_identification:_identify(build) ignored
[0.178s] Level 1:colcon.colcon_core.package_identification:_identify(install) by extensions ['ignore', 'ignore_ament_install']
[0.178s] Level 1:colcon.colcon_core.package_identification:_identify(install) by extension 'ignore'
[0.178s] Level 1:colcon.colcon_core.package_identification:_identify(install) ignored
[0.178s] Level 1:colcon.colcon_core.package_identification:_identify(log) by extensions ['ignore', 'ignore_ament_install']
[0.178s] Level 1:colcon.colcon_core.package_identification:_identify(log) by extension 'ignore'
[0.178s] Level 1:colcon.colcon_core.package_identification:_identify(log) ignored
[0.178s] Level 1:colcon.colcon_core.package_identification:_identify(src) by extensions ['ignore', 'ignore_ament_install']
[0.178s] Level 1:colcon.colcon_core.package_identification:_identify(src) by extension 'ignore'
[0.178s] Level 1:colcon.colcon_core.package_identification:_identify(src) by extension 'ignore_ament_install'
[0.178s] Level 1:colcon.colcon_core.package_identification:_identify(src) by extensions ['colcon_pkg']
[0.179s] Level 1:colcon.colcon_core.package_identification:_identify(src) by extension 'colcon_pkg'
[0.179s] Level 1:colcon.colcon_core.package_identification:_identify(src) by extensions ['colcon_meta']
[0.179s] Level 1:colcon.colcon_core.package_identification:_identify(src) by extension 'colcon_meta'
[0.179s] Level 1:colcon.colcon_core.package_identification:_identify(src) by extensions ['ros']
[0.179s] Level 1:colcon.colcon_core.package_identification:_identify(src) by extension 'ros'
[0.179s] Level 1:colcon.colcon_core.package_identification:_identify(src) by extensions ['cmake', 'python']
[0.179s] Level 1:colcon.colcon_core.package_identification:_identify(src) by extension 'cmake'
[0.179s] Level 1:colcon.colcon_core.package_identification:_identify(src) by extension 'python'
[0.179s] Level 1:colcon.colcon_core.package_identification:_identify(src) by extensions ['python_setup_py']
[0.179s] Level 1:colcon.colcon_core.package_identification:_identify(src) by extension 'python_setup_py'
[0.179s] Level 1:colcon.colcon_core.package_identification:_identify(src/ign_ros2_control) by extensions ['ignore', 'ignore_ament_install']
[0.179s] Level 1:colcon.colcon_core.package_identification:_identify(src/ign_ros2_control) by extension 'ignore'
[0.179s] Level 1:colcon.colcon_core.package_identification:_identify(src/ign_ros2_control) by extension 'ignore_ament_install'
[0.179s] Level 1:colcon.colcon_core.package_identification:_identify(src/ign_ros2_control) by extensions ['colcon_pkg']
[0.179s] Level 1:colcon.colcon_core.package_identification:_identify(src/ign_ros2_control) by extension 'colcon_pkg'
[0.179s] Level 1:colcon.colcon_core.package_identification:_identify(src/ign_ros2_control) by extensions ['colcon_meta']
[0.179s] Level 1:colcon.colcon_core.package_identification:_identify(src/ign_ros2_control) by extension 'colcon_meta'
[0.179s] Level 1:colcon.colcon_core.package_identification:_identify(src/ign_ros2_control) by extensions ['ros']
[0.179s] Level 1:colcon.colcon_core.package_identification:_identify(src/ign_ros2_control) by extension 'ros'
[0.182s] DEBUG:colcon.colcon_core.package_identification:Package 'src/ign_ros2_control' with type 'ros.ament_cmake' and name 'ign_ros2_control'
[0.182s] Level 1:colcon.colcon_core.package_identification:_identify(src/six_dof_arm) by extensions ['ignore', 'ignore_ament_install']
[0.182s] Level 1:colcon.colcon_core.package_identification:_identify(src/six_dof_arm) by extension 'ignore'
[0.182s] Level 1:colcon.colcon_core.package_identification:_identify(src/six_dof_arm) by extension 'ignore_ament_install'
[0.182s] Level 1:colcon.colcon_core.package_identification:_identify(src/six_dof_arm) by extensions ['colcon_pkg']
[0.182s] Level 1:colcon.colcon_core.package_identification:_identify(src/six_dof_arm) by extension 'colcon_pkg'
[0.182s] Level 1:colcon.colcon_core.package_identification:_identify(src/six_dof_arm) by extensions ['colcon_meta']
[0.182s] Level 1:colcon.colcon_core.package_identification:_identify(src/six_dof_arm) by extension 'colcon_meta'
[0.182s] Level 1:colcon.colcon_core.package_identification:_identify(src/six_dof_arm) by extensions ['ros']
[0.182s] Level 1:colcon.colcon_core.package_identification:_identify(src/six_dof_arm) by extension 'ros'
[0.182s] DEBUG:colcon.colcon_core.package_identification:Package 'src/six_dof_arm' with type 'ros.ament_cmake' and name 'six_dof_arm'
[0.183s] Level 1:colcon.colcon_core.package_discovery:discover_packages(recursive) using defaults
[0.183s] Level 1:colcon.colcon_core.package_discovery:discover_packages(ignore) discover
[0.183s] Level 1:colcon.colcon_core.package_discovery:discover_packages(ignore) using defaults
[0.183s] Level 1:colcon.colcon_core.package_discovery:discover_packages(path) discover
[0.183s] Level 1:colcon.colcon_core.package_discovery:discover_packages(path) using defaults
[0.197s] Level 1:colcon.colcon_core.package_discovery:discover_packages(prefix_path) check parameters
[0.197s] Level 1:colcon.colcon_core.package_discovery:discover_packages(prefix_path) discover
[0.198s] WARNING:colcon.colcon_ros.prefix_path.ament:The path '/home/cfh/robo_ws/install/ign_ros2_control' in the environment variable AMENT_PREFIX_PATH doesn't exist
[0.198s] WARNING:colcon.colcon_ros.prefix_path.catkin:The path '/home/cfh/robo_ws/install/ign_ros2_control' in the environment variable CMAKE_PREFIX_PATH doesn't exist
[0.199s] DEBUG:colcon.colcon_installed_package_information.package_discovery:Found 4 installed packages in /home/cfh/colcon_ws/install
[0.199s] DEBUG:colcon.colcon_installed_package_information.package_discovery:Found 3 installed packages in /home/cfh/robo_ws/install
[0.200s] DEBUG:colcon.colcon_installed_package_information.package_discovery:Found 55 installed packages in /home/cfh/ws_moveit2/install
[0.200s] DEBUG:colcon.colcon_installed_package_information.package_discovery:Found 341 installed packages in /opt/ros/humble
[0.201s] Level 1:colcon.colcon_core.package_discovery:discover_packages(prefix_path) using defaults
[0.223s] Level 5:colcon.colcon_core.verb:set package 'ign_ros2_control' build argument 'cmake_args' from command line to 'None'
[0.223s] Level 5:colcon.colcon_core.verb:set package 'ign_ros2_control' build argument 'cmake_target' from command line to 'None'
[0.223s] Level 5:colcon.colcon_core.verb:set package 'ign_ros2_control' build argument 'cmake_target_skip_unavailable' from command line to 'False'
[0.223s] Level 5:colcon.colcon_core.verb:set package 'ign_ros2_control' build argument 'cmake_clean_cache' from command line to 'False'
[0.223s] Level 5:colcon.colcon_core.verb:set package 'ign_ros2_control' build argument 'cmake_clean_first' from command line to 'False'
[0.223s] Level 5:colcon.colcon_core.verb:set package 'ign_ros2_control' build argument 'cmake_force_configure' from command line to 'False'
[0.223s] Level 5:colcon.colcon_core.verb:set package 'ign_ros2_control' build argument 'ament_cmake_args' from command line to 'None'
[0.223s] Level 5:colcon.colcon_core.verb:set package 'ign_ros2_control' build argument 'catkin_cmake_args' from command line to 'None'
[0.223s] Level 5:colcon.colcon_core.verb:set package 'ign_ros2_control' build argument 'catkin_skip_building_tests' from command line to 'False'
[0.224s] DEBUG:colcon.colcon_core.verb:Building package 'ign_ros2_control' with the following arguments: {'ament_cmake_args': None, 'build_base': '/home/cfh/ntest/build/ign_ros2_control', 'catkin_cmake_args': None, 'catkin_skip_building_tests': False, 'cmake_args': None, 'cmake_clean_cache': False, 'cmake_clean_first': False, 'cmake_force_configure': False, 'cmake_target': None, 'cmake_target_skip_unavailable': False, 'install_base': '/home/cfh/ntest/install/ign_ros2_control', 'merge_install': False, 'path': '/home/cfh/ntest/src/ign_ros2_control', 'symlink_install': False, 'test_result_base': None}
[0.224s] Level 5:colcon.colcon_core.verb:set package 'six_dof_arm' build argument 'cmake_args' from command line to 'None'
[0.224s] Level 5:colcon.colcon_core.verb:set package 'six_dof_arm' build argument 'cmake_target' from command line to 'None'
[0.224s] Level 5:colcon.colcon_core.verb:set package 'six_dof_arm' build argument 'cmake_target_skip_unavailable' from command line to 'False'
[0.224s] Level 5:colcon.colcon_core.verb:set package 'six_dof_arm' build argument 'cmake_clean_cache' from command line to 'False'
[0.224s] Level 5:colcon.colcon_core.verb:set package 'six_dof_arm' build argument 'cmake_clean_first' from command line to 'False'
[0.224s] Level 5:colcon.colcon_core.verb:set package 'six_dof_arm' build argument 'cmake_force_configure' from command line to 'False'
[0.224s] Level 5:colcon.colcon_core.verb:set package 'six_dof_arm' build argument 'ament_cmake_args' from command line to 'None'
[0.224s] Level 5:colcon.colcon_core.verb:set package 'six_dof_arm' build argument 'catkin_cmake_args' from command line to 'None'
[0.224s] Level 5:colcon.colcon_core.verb:set package 'six_dof_arm' build argument 'catkin_skip_building_tests' from command line to 'False'
[0.224s] DEBUG:colcon.colcon_core.verb:Building package 'six_dof_arm' with the following arguments: {'ament_cmake_args': None, 'build_base': '/home/cfh/ntest/build/six_dof_arm', 'catkin_cmake_args': None, 'catkin_skip_building_tests': False, 'cmake_args': None, 'cmake_clean_cache': False, 'cmake_clean_first': False, 'cmake_force_configure': False, 'cmake_target': None, 'cmake_target_skip_unavailable': False, 'install_base': '/home/cfh/ntest/install/six_dof_arm', 'merge_install': False, 'path': '/home/cfh/ntest/src/six_dof_arm', 'symlink_install': False, 'test_result_base': None}
[0.224s] INFO:colcon.colcon_core.executor:Executing jobs using 'parallel' executor
[0.224s] DEBUG:colcon.colcon_parallel_executor.executor.parallel:run_until_complete
[0.225s] INFO:colcon.colcon_ros.task.ament_cmake.build:Building ROS package in '/home/cfh/ntest/src/ign_ros2_control' with build type 'ament_cmake'
[0.225s] INFO:colcon.colcon_cmake.task.cmake.build:Building CMake package in '/home/cfh/ntest/src/ign_ros2_control'
[0.226s] INFO:colcon.colcon_core.plugin_system:Skipping extension 'colcon_core.shell.bat': Not used on non-Windows systems
[0.226s] INFO:colcon.colcon_core.shell:Skip shell extension 'powershell' for command environment: Not usable outside of PowerShell
[0.226s] DEBUG:colcon.colcon_core.shell:Skip shell extension 'dsv' for command environment
[0.229s] INFO:colcon.colcon_ros.task.ament_cmake.build:Building ROS package in '/home/cfh/ntest/src/six_dof_arm' with build type 'ament_cmake'
[0.229s] INFO:colcon.colcon_cmake.task.cmake.build:Building CMake package in '/home/cfh/ntest/src/six_dof_arm'
[0.229s] INFO:colcon.colcon_core.shell:Skip shell extension 'powershell' for command environment: Not usable outside of PowerShell
[0.229s] DEBUG:colcon.colcon_core.shell:Skip shell extension 'dsv' for command environment
[0.236s] DEBUG:colcon.colcon_core.event_handler.log_command:Invoking command in '/home/cfh/ntest/build/ign_ros2_control': CMAKE_PREFIX_PATH=${CMAKE_PREFIX_PATH}:/home/cfh/robo_ws/install/mycobot_description:/home/cfh/ws_moveit2/install/moveit_configs_utils:/home/cfh/ws_moveit2/install/launch_param_builder:/home/cfh/colcon_ws/install/mycobot_320pi:/home/cfh/colcon_ws/install/mycobot_description:/home/cfh/colcon_ws/install/mycobot_communication:/opt/ros/humble /usr/bin/cmake /home/cfh/ntest/src/ign_ros2_control -DCMAKE_INSTALL_PREFIX=/home/cfh/ntest/install/ign_ros2_control
[0.238s] DEBUG:colcon.colcon_core.event_handler.log_command:Invoking command in '/home/cfh/ntest/build/six_dof_arm': CMAKE_PREFIX_PATH=${CMAKE_PREFIX_PATH}:/home/cfh/robo_ws/install/mycobot_description:/home/cfh/ws_moveit2/install/moveit_configs_utils:/home/cfh/ws_moveit2/install/launch_param_builder:/home/cfh/colcon_ws/install/mycobot_320pi:/home/cfh/colcon_ws/install/mycobot_description:/home/cfh/colcon_ws/install/mycobot_communication:/opt/ros/humble /usr/bin/cmake /home/cfh/ntest/src/six_dof_arm -DCMAKE_INSTALL_PREFIX=/home/cfh/ntest/install/six_dof_arm
[0.969s] DEBUG:colcon.colcon_core.event_handler.log_command:Invoked command in '/home/cfh/ntest/build/six_dof_arm' returned '0': CMAKE_PREFIX_PATH=${CMAKE_PREFIX_PATH}:/home/cfh/robo_ws/install/mycobot_description:/home/cfh/ws_moveit2/install/moveit_configs_utils:/home/cfh/ws_moveit2/install/launch_param_builder:/home/cfh/colcon_ws/install/mycobot_320pi:/home/cfh/colcon_ws/install/mycobot_description:/home/cfh/colcon_ws/install/mycobot_communication:/opt/ros/humble /usr/bin/cmake /home/cfh/ntest/src/six_dof_arm -DCMAKE_INSTALL_PREFIX=/home/cfh/ntest/install/six_dof_arm
[0.970s] DEBUG:colcon.colcon_core.event_handler.log_command:Invoking command in '/home/cfh/ntest/build/six_dof_arm': CMAKE_PREFIX_PATH=${CMAKE_PREFIX_PATH}:/home/cfh/robo_ws/install/mycobot_description:/home/cfh/ws_moveit2/install/moveit_configs_utils:/home/cfh/ws_moveit2/install/launch_param_builder:/home/cfh/colcon_ws/install/mycobot_320pi:/home/cfh/colcon_ws/install/mycobot_description:/home/cfh/colcon_ws/install/mycobot_communication:/opt/ros/humble /usr/bin/cmake --build /home/cfh/ntest/build/six_dof_arm -- -j24 -l24
[0.987s] DEBUG:colcon.colcon_core.event_handler.log_command:Invoked command in '/home/cfh/ntest/build/six_dof_arm' returned '0': CMAKE_PREFIX_PATH=${CMAKE_PREFIX_PATH}:/home/cfh/robo_ws/install/mycobot_description:/home/cfh/ws_moveit2/install/moveit_configs_utils:/home/cfh/ws_moveit2/install/launch_param_builder:/home/cfh/colcon_ws/install/mycobot_320pi:/home/cfh/colcon_ws/install/mycobot_description:/home/cfh/colcon_ws/install/mycobot_communication:/opt/ros/humble /usr/bin/cmake --build /home/cfh/ntest/build/six_dof_arm -- -j24 -l24
[1.002s] DEBUG:colcon.colcon_core.event_handler.log_command:Invoking command in '/home/cfh/ntest/build/six_dof_arm': CMAKE_PREFIX_PATH=${CMAKE_PREFIX_PATH}:/home/cfh/robo_ws/install/mycobot_description:/home/cfh/ws_moveit2/install/moveit_configs_utils:/home/cfh/ws_moveit2/install/launch_param_builder:/home/cfh/colcon_ws/install/mycobot_320pi:/home/cfh/colcon_ws/install/mycobot_description:/home/cfh/colcon_ws/install/mycobot_communication:/opt/ros/humble /usr/bin/cmake --install /home/cfh/ntest/build/six_dof_arm
[1.007s] Level 1:colcon.colcon_core.environment:create_environment_scripts_only(six_dof_arm)
[1.007s] DEBUG:colcon.colcon_core.event_handler.log_command:Invoked command in '/home/cfh/ntest/build/six_dof_arm' returned '0': CMAKE_PREFIX_PATH=${CMAKE_PREFIX_PATH}:/home/cfh/robo_ws/install/mycobot_description:/home/cfh/ws_moveit2/install/moveit_configs_utils:/home/cfh/ws_moveit2/install/launch_param_builder:/home/cfh/colcon_ws/install/mycobot_320pi:/home/cfh/colcon_ws/install/mycobot_description:/home/cfh/colcon_ws/install/mycobot_communication:/opt/ros/humble /usr/bin/cmake --install /home/cfh/ntest/build/six_dof_arm
[1.008s] Level 1:colcon.colcon_core.environment:checking '/home/cfh/ntest/install/six_dof_arm' for CMake module files
[1.009s] Level 1:colcon.colcon_core.environment:checking '/home/cfh/ntest/install/six_dof_arm' for CMake config files
[1.009s] Level 1:colcon.colcon_core.shell:create_environment_hook('six_dof_arm', 'cmake_prefix_path')
[1.009s] INFO:colcon.colcon_core.shell:Creating environment hook '/home/cfh/ntest/install/six_dof_arm/share/six_dof_arm/hook/cmake_prefix_path.ps1'
[1.009s] INFO:colcon.colcon_core.shell:Creating environment descriptor '/home/cfh/ntest/install/six_dof_arm/share/six_dof_arm/hook/cmake_prefix_path.dsv'
[1.009s] INFO:colcon.colcon_core.shell:Creating environment hook '/home/cfh/ntest/install/six_dof_arm/share/six_dof_arm/hook/cmake_prefix_path.sh'
[1.010s] Level 1:colcon.colcon_core.environment:checking '/home/cfh/ntest/install/six_dof_arm/bin'
[1.010s] Level 1:colcon.colcon_core.environment:checking '/home/cfh/ntest/install/six_dof_arm/lib/pkgconfig/six_dof_arm.pc'
[1.010s] Level 1:colcon.colcon_core.environment:checking '/home/cfh/ntest/install/six_dof_arm/lib/python3.10/site-packages'
[1.010s] Level 1:colcon.colcon_core.environment:checking '/home/cfh/ntest/install/six_dof_arm/bin'
[1.010s] INFO:colcon.colcon_core.shell:Creating package script '/home/cfh/ntest/install/six_dof_arm/share/six_dof_arm/package.ps1'
[1.010s] INFO:colcon.colcon_core.shell:Creating package descriptor '/home/cfh/ntest/install/six_dof_arm/share/six_dof_arm/package.dsv'
[1.010s] INFO:colcon.colcon_core.shell:Creating package script '/home/cfh/ntest/install/six_dof_arm/share/six_dof_arm/package.sh'
[1.011s] INFO:colcon.colcon_core.shell:Creating package script '/home/cfh/ntest/install/six_dof_arm/share/six_dof_arm/package.bash'
[1.011s] INFO:colcon.colcon_core.shell:Creating package script '/home/cfh/ntest/install/six_dof_arm/share/six_dof_arm/package.zsh'
[1.011s] Level 1:colcon.colcon_core.environment:create_file_with_runtime_dependencies(/home/cfh/ntest/install/six_dof_arm/share/colcon-core/packages/six_dof_arm)
[1.023s] Level 1:colcon.colcon_core.environment:create_environment_scripts_only(six_dof_arm)
[1.023s] Level 1:colcon.colcon_core.environment:checking '/home/cfh/ntest/install/six_dof_arm' for CMake module files
[1.023s] Level 1:colcon.colcon_core.environment:checking '/home/cfh/ntest/install/six_dof_arm' for CMake config files
[1.023s] Level 1:colcon.colcon_core.shell:create_environment_hook('six_dof_arm', 'cmake_prefix_path')
[1.023s] INFO:colcon.colcon_core.shell:Creating environment hook '/home/cfh/ntest/install/six_dof_arm/share/six_dof_arm/hook/cmake_prefix_path.ps1'
[1.023s] INFO:colcon.colcon_core.shell:Creating environment descriptor '/home/cfh/ntest/install/six_dof_arm/share/six_dof_arm/hook/cmake_prefix_path.dsv'
[1.024s] INFO:colcon.colcon_core.shell:Creating environment hook '/home/cfh/ntest/install/six_dof_arm/share/six_dof_arm/hook/cmake_prefix_path.sh'
[1.024s] Level 1:colcon.colcon_core.environment:checking '/home/cfh/ntest/install/six_dof_arm/bin'
[1.024s] Level 1:colcon.colcon_core.environment:checking '/home/cfh/ntest/install/six_dof_arm/lib/pkgconfig/six_dof_arm.pc'
[1.024s] Level 1:colcon.colcon_core.environment:checking '/home/cfh/ntest/install/six_dof_arm/lib/python3.10/site-packages'
[1.024s] Level 1:colcon.colcon_core.environment:checking '/home/cfh/ntest/install/six_dof_arm/bin'
[1.024s] INFO:colcon.colcon_core.shell:Creating package script '/home/cfh/ntest/install/six_dof_arm/share/six_dof_arm/package.ps1'
[1.024s] INFO:colcon.colcon_core.shell:Creating package descriptor '/home/cfh/ntest/install/six_dof_arm/share/six_dof_arm/package.dsv'
[1.025s] INFO:colcon.colcon_core.shell:Creating package script '/home/cfh/ntest/install/six_dof_arm/share/six_dof_arm/package.sh'
[1.025s] INFO:colcon.colcon_core.shell:Creating package script '/home/cfh/ntest/install/six_dof_arm/share/six_dof_arm/package.bash'
[1.025s] INFO:colcon.colcon_core.shell:Creating package script '/home/cfh/ntest/install/six_dof_arm/share/six_dof_arm/package.zsh'
[1.025s] Level 1:colcon.colcon_core.environment:create_file_with_runtime_dependencies(/home/cfh/ntest/install/six_dof_arm/share/colcon-core/packages/six_dof_arm)
[6.096s] DEBUG:colcon.colcon_core.event_handler.log_command:Invoked command in '/home/cfh/ntest/build/ign_ros2_control' returned '0': CMAKE_PREFIX_PATH=${CMAKE_PREFIX_PATH}:/home/cfh/robo_ws/install/mycobot_description:/home/cfh/ws_moveit2/install/moveit_configs_utils:/home/cfh/ws_moveit2/install/launch_param_builder:/home/cfh/colcon_ws/install/mycobot_320pi:/home/cfh/colcon_ws/install/mycobot_description:/home/cfh/colcon_ws/install/mycobot_communication:/opt/ros/humble /usr/bin/cmake /home/cfh/ntest/src/ign_ros2_control -DCMAKE_INSTALL_PREFIX=/home/cfh/ntest/install/ign_ros2_control
[6.097s] DEBUG:colcon.colcon_core.event_handler.log_command:Invoking command in '/home/cfh/ntest/build/ign_ros2_control': CMAKE_PREFIX_PATH=${CMAKE_PREFIX_PATH}:/home/cfh/robo_ws/install/mycobot_description:/home/cfh/ws_moveit2/install/moveit_configs_utils:/home/cfh/ws_moveit2/install/launch_param_builder:/home/cfh/colcon_ws/install/mycobot_320pi:/home/cfh/colcon_ws/install/mycobot_description:/home/cfh/colcon_ws/install/mycobot_communication:/opt/ros/humble /usr/bin/cmake --build /home/cfh/ntest/build/ign_ros2_control -- -j24 -l24
[11.928s] DEBUG:colcon.colcon_core.event_handler.log_command:Invoked command in '/home/cfh/ntest/build/ign_ros2_control' returned '0': CMAKE_PREFIX_PATH=${CMAKE_PREFIX_PATH}:/home/cfh/robo_ws/install/mycobot_description:/home/cfh/ws_moveit2/install/moveit_configs_utils:/home/cfh/ws_moveit2/install/launch_param_builder:/home/cfh/colcon_ws/install/mycobot_320pi:/home/cfh/colcon_ws/install/mycobot_description:/home/cfh/colcon_ws/install/mycobot_communication:/opt/ros/humble /usr/bin/cmake --build /home/cfh/ntest/build/ign_ros2_control -- -j24 -l24
[11.944s] DEBUG:colcon.colcon_core.event_handler.log_command:Invoking command in '/home/cfh/ntest/build/ign_ros2_control': CMAKE_PREFIX_PATH=${CMAKE_PREFIX_PATH}:/home/cfh/robo_ws/install/mycobot_description:/home/cfh/ws_moveit2/install/moveit_configs_utils:/home/cfh/ws_moveit2/install/launch_param_builder:/home/cfh/colcon_ws/install/mycobot_320pi:/home/cfh/colcon_ws/install/mycobot_description:/home/cfh/colcon_ws/install/mycobot_communication:/opt/ros/humble /usr/bin/cmake --install /home/cfh/ntest/build/ign_ros2_control
[11.953s] Level 1:colcon.colcon_core.environment:create_environment_scripts_only(ign_ros2_control)
[11.953s] Level 1:colcon.colcon_core.environment:checking '/home/cfh/ntest/install/ign_ros2_control' for CMake module files
[11.953s] DEBUG:colcon.colcon_core.event_handler.log_command:Invoked command in '/home/cfh/ntest/build/ign_ros2_control' returned '0': CMAKE_PREFIX_PATH=${CMAKE_PREFIX_PATH}:/home/cfh/robo_ws/install/mycobot_description:/home/cfh/ws_moveit2/install/moveit_configs_utils:/home/cfh/ws_moveit2/install/launch_param_builder:/home/cfh/colcon_ws/install/mycobot_320pi:/home/cfh/colcon_ws/install/mycobot_description:/home/cfh/colcon_ws/install/mycobot_communication:/opt/ros/humble /usr/bin/cmake --install /home/cfh/ntest/build/ign_ros2_control
[11.953s] Level 1:colcon.colcon_core.environment:checking '/home/cfh/ntest/install/ign_ros2_control' for CMake config files
[11.953s] Level 1:colcon.colcon_core.shell:create_environment_hook('ign_ros2_control', 'cmake_prefix_path')
[11.953s] INFO:colcon.colcon_core.shell:Creating environment hook '/home/cfh/ntest/install/ign_ros2_control/share/ign_ros2_control/hook/cmake_prefix_path.ps1'
[11.954s] INFO:colcon.colcon_core.shell:Creating environment descriptor '/home/cfh/ntest/install/ign_ros2_control/share/ign_ros2_control/hook/cmake_prefix_path.dsv'
[11.954s] INFO:colcon.colcon_core.shell:Creating environment hook '/home/cfh/ntest/install/ign_ros2_control/share/ign_ros2_control/hook/cmake_prefix_path.sh'
[11.954s] Level 1:colcon.colcon_core.environment:checking '/home/cfh/ntest/install/ign_ros2_control/lib'
[11.954s] Level 1:colcon.colcon_core.shell:create_environment_hook('ign_ros2_control', 'ld_library_path_lib')
[11.954s] INFO:colcon.colcon_core.shell:Creating environment hook '/home/cfh/ntest/install/ign_ros2_control/share/ign_ros2_control/hook/ld_library_path_lib.ps1'
[11.954s] INFO:colcon.colcon_core.shell:Creating environment descriptor '/home/cfh/ntest/install/ign_ros2_control/share/ign_ros2_control/hook/ld_library_path_lib.dsv'
[11.954s] INFO:colcon.colcon_core.shell:Creating environment hook '/home/cfh/ntest/install/ign_ros2_control/share/ign_ros2_control/hook/ld_library_path_lib.sh'
[11.955s] Level 1:colcon.colcon_core.environment:checking '/home/cfh/ntest/install/ign_ros2_control/bin'
[11.955s] Level 1:colcon.colcon_core.environment:checking '/home/cfh/ntest/install/ign_ros2_control/lib/pkgconfig/ign_ros2_control.pc'
[11.955s] Level 1:colcon.colcon_core.environment:checking '/home/cfh/ntest/install/ign_ros2_control/lib/python3.10/site-packages'
[11.955s] Level 1:colcon.colcon_core.environment:checking '/home/cfh/ntest/install/ign_ros2_control/bin'
[11.955s] INFO:colcon.colcon_core.shell:Creating package script '/home/cfh/ntest/install/ign_ros2_control/share/ign_ros2_control/package.ps1'
[11.955s] INFO:colcon.colcon_core.shell:Creating package descriptor '/home/cfh/ntest/install/ign_ros2_control/share/ign_ros2_control/package.dsv'
[11.955s] INFO:colcon.colcon_core.shell:Creating package script '/home/cfh/ntest/install/ign_ros2_control/share/ign_ros2_control/package.sh'
[11.956s] INFO:colcon.colcon_core.shell:Creating package script '/home/cfh/ntest/install/ign_ros2_control/share/ign_ros2_control/package.bash'
[11.956s] INFO:colcon.colcon_core.shell:Creating package script '/home/cfh/ntest/install/ign_ros2_control/share/ign_ros2_control/package.zsh'
[11.956s] Level 1:colcon.colcon_core.environment:create_file_with_runtime_dependencies(/home/cfh/ntest/install/ign_ros2_control/share/colcon-core/packages/ign_ros2_control)
[11.973s] Level 1:colcon.colcon_core.environment:create_environment_scripts_only(ign_ros2_control)
[11.973s] Level 1:colcon.colcon_core.environment:checking '/home/cfh/ntest/install/ign_ros2_control' for CMake module files
[11.973s] Level 1:colcon.colcon_core.environment:checking '/home/cfh/ntest/install/ign_ros2_control' for CMake config files
[11.973s] Level 1:colcon.colcon_core.shell:create_environment_hook('ign_ros2_control', 'cmake_prefix_path')
[11.973s] INFO:colcon.colcon_core.shell:Creating environment hook '/home/cfh/ntest/install/ign_ros2_control/share/ign_ros2_control/hook/cmake_prefix_path.ps1'
[11.973s] INFO:colcon.colcon_core.shell:Creating environment descriptor '/home/cfh/ntest/install/ign_ros2_control/share/ign_ros2_control/hook/cmake_prefix_path.dsv'
[11.973s] INFO:colcon.colcon_core.shell:Creating environment hook '/home/cfh/ntest/install/ign_ros2_control/share/ign_ros2_control/hook/cmake_prefix_path.sh'
[11.974s] Level 1:colcon.colcon_core.environment:checking '/home/cfh/ntest/install/ign_ros2_control/lib'
[11.974s] Level 1:colcon.colcon_core.shell:create_environment_hook('ign_ros2_control', 'ld_library_path_lib')
[11.974s] INFO:colcon.colcon_core.shell:Creating environment hook '/home/cfh/ntest/install/ign_ros2_control/share/ign_ros2_control/hook/ld_library_path_lib.ps1'
[11.974s] INFO:colcon.colcon_core.shell:Creating environment descriptor '/home/cfh/ntest/install/ign_ros2_control/share/ign_ros2_control/hook/ld_library_path_lib.dsv'
[11.974s] INFO:colcon.colcon_core.shell:Creating environment hook '/home/cfh/ntest/install/ign_ros2_control/share/ign_ros2_control/hook/ld_library_path_lib.sh'
[11.974s] Level 1:colcon.colcon_core.environment:checking '/home/cfh/ntest/install/ign_ros2_control/bin'
[11.974s] Level 1:colcon.colcon_core.environment:checking '/home/cfh/ntest/install/ign_ros2_control/lib/pkgconfig/ign_ros2_control.pc'
[11.974s] Level 1:colcon.colcon_core.environment:checking '/home/cfh/ntest/install/ign_ros2_control/lib/python3.10/site-packages'
[11.975s] Level 1:colcon.colcon_core.environment:checking '/home/cfh/ntest/install/ign_ros2_control/bin'
[11.975s] INFO:colcon.colcon_core.shell:Creating package script '/home/cfh/ntest/install/ign_ros2_control/share/ign_ros2_control/package.ps1'
[11.975s] INFO:colcon.colcon_core.shell:Creating package descriptor '/home/cfh/ntest/install/ign_ros2_control/share/ign_ros2_control/package.dsv'
[11.975s] INFO:colcon.colcon_core.shell:Creating package script '/home/cfh/ntest/install/ign_ros2_control/share/ign_ros2_control/package.sh'
[11.975s] INFO:colcon.colcon_core.shell:Creating package script '/home/cfh/ntest/install/ign_ros2_control/share/ign_ros2_control/package.bash'
[11.975s] INFO:colcon.colcon_core.shell:Creating package script '/home/cfh/ntest/install/ign_ros2_control/share/ign_ros2_control/package.zsh'
[11.976s] Level 1:colcon.colcon_core.environment:create_file_with_runtime_dependencies(/home/cfh/ntest/install/ign_ros2_control/share/colcon-core/packages/ign_ros2_control)
[11.976s] DEBUG:colcon.colcon_parallel_executor.executor.parallel:closing loop
[11.976s] DEBUG:colcon.colcon_parallel_executor.executor.parallel:loop closed
[11.976s] DEBUG:colcon.colcon_parallel_executor.executor.parallel:run_until_complete finished with '0'
[11.976s] DEBUG:colcon.colcon_core.event_reactor:joining thread
[11.995s] INFO:colcon.colcon_core.plugin_system:Skipping extension 'colcon_notification.desktop_notification.notify_send': Could not find 'notify-send'
[11.995s] INFO:colcon.colcon_core.plugin_system:Skipping extension 'colcon_notification.desktop_notification.terminal_notifier': Not used on non-Darwin systems
[11.995s] INFO:colcon.colcon_core.plugin_system:Skipping extension 'colcon_notification.desktop_notification.win32': Not used on non-Windows systems
[11.995s] INFO:colcon.colcon_notification.desktop_notification:Sending desktop notification using 'notify2'
[11.996s] DEBUG:colcon.colcon_notification.desktop_notification.notify2:Failed to initialize notify2: org.freedesktop.DBus.Error.ServiceUnknown: The name org.freedesktop.Notifications was not provided by any .service files
[11.996s] DEBUG:colcon.colcon_core.event_reactor:joined thread
[11.996s] INFO:colcon.colcon_core.shell:Creating prefix script '/home/cfh/ntest/install/local_setup.ps1'
[11.997s] INFO:colcon.colcon_core.shell:Creating prefix util module '/home/cfh/ntest/install/_local_setup_util_ps1.py'
[11.997s] INFO:colcon.colcon_core.shell:Creating prefix chain script '/home/cfh/ntest/install/setup.ps1'
[11.998s] INFO:colcon.colcon_core.shell:Creating prefix script '/home/cfh/ntest/install/local_setup.sh'
[11.998s] INFO:colcon.colcon_core.shell:Creating prefix util module '/home/cfh/ntest/install/_local_setup_util_sh.py'
[11.999s] INFO:colcon.colcon_core.shell:Creating prefix chain script '/home/cfh/ntest/install/setup.sh'
[12.000s] INFO:colcon.colcon_core.shell:Creating prefix script '/home/cfh/ntest/install/local_setup.bash'
[12.000s] INFO:colcon.colcon_core.shell:Creating prefix chain script '/home/cfh/ntest/install/setup.bash'
[12.001s] INFO:colcon.colcon_core.shell:Creating prefix script '/home/cfh/ntest/install/local_setup.zsh'
[12.001s] INFO:colcon.colcon_core.shell:Creating prefix chain script '/home/cfh/ntest/install/setup.zsh'
