[0.242s] Invoking command in '/home/cfh/ntest/src/mycobot_description': PYTHONPATH=/home/cfh/ntest/build/mycobot_description/prefix_override:/home/cfh/ntest/install/mycobot_description/lib/python3.10/site-packages:${PYTHONPATH} /usr/bin/python3 -W ignore:setup.py install is deprecated setup.py egg_info --egg-base ../../build/mycobot_description build --build-base /home/cfh/ntest/build/mycobot_description/build install --record /home/cfh/ntest/build/mycobot_description/install.log --install-scripts $base/lib/mycobot_description --single-version-externally-managed install_data
[0.328s] /usr/lib/python3/dist-packages/setuptools/dist.py:723: UserWarning: Usage of dash-separated 'script-dir' will not be supported in future versions. Please use the underscore name 'script_dir' instead
[0.328s]   warnings.warn(
[0.331s] running egg_info
[0.331s] writing ../../build/mycobot_description/mycobot_description.egg-info/PKG-INFO
[0.332s] writing dependency_links to ../../build/mycobot_description/mycobot_description.egg-info/dependency_links.txt
[0.332s] writing entry points to ../../build/mycobot_description/mycobot_description.egg-info/entry_points.txt
[0.332s] writing requirements to ../../build/mycobot_description/mycobot_description.egg-info/requires.txt
[0.332s] writing top-level names to ../../build/mycobot_description/mycobot_description.egg-info/top_level.txt
[0.332s] reading manifest file '../../build/mycobot_description/mycobot_description.egg-info/SOURCES.txt'
[0.333s] adding license file 'LICENSE'
[0.333s] writing manifest file '../../build/mycobot_description/mycobot_description.egg-info/SOURCES.txt'
[0.333s] running build
[0.333s] running build_py
[0.333s] running install
[0.334s] running install_lib
[0.334s] running install_data
[0.334s] running install_egg_info
[0.335s] removing '/home/cfh/ntest/install/mycobot_description/lib/python3.10/site-packages/mycobot_description-0.0.0-py3.10.egg-info' (and everything under it)
[0.335s] Copying ../../build/mycobot_description/mycobot_description.egg-info to /home/cfh/ntest/install/mycobot_description/lib/python3.10/site-packages/mycobot_description-0.0.0-py3.10.egg-info
[0.336s] running install_scripts
[0.345s] writing list of installed files to '/home/cfh/ntest/build/mycobot_description/install.log'
[0.355s] Invoked command in '/home/cfh/ntest/src/mycobot_description' returned '0': PYTHONPATH=/home/cfh/ntest/build/mycobot_description/prefix_override:/home/cfh/ntest/install/mycobot_description/lib/python3.10/site-packages:${PYTHONPATH} /usr/bin/python3 -W ignore:setup.py install is deprecated setup.py egg_info --egg-base ../../build/mycobot_description build --build-base /home/cfh/ntest/build/mycobot_description/build install --record /home/cfh/ntest/build/mycobot_description/install.log --install-scripts $base/lib/mycobot_description --single-version-externally-managed install_data
