[0.009s] Invoking command in '/home/cfh/ntest/build/ign_ros2_control': CMAKE_PREFIX_PATH=/opt/ros/humble /usr/bin/cmake --build /home/cfh/ntest/build/ign_ros2_control -- -j24 -l24
[0.115s] -- Found ament_cmake: 1.3.9 (/opt/ros/humble/share/ament_cmake/cmake)
[0.115s] -- Found ament_index_cpp: 1.4.0 (/opt/ros/humble/share/ament_index_cpp/cmake)
[0.556s] [31mCMake Error at CMakeLists.txt:21 (find_package):
[0.556s]   By not providing "Findcontroller_manager.cmake" in CMAKE_MODULE_PATH this
[0.556s]   project has asked CMake to find a package configuration file provided by
[0.556s]   "controller_manager", but CMake did not find one.
[0.556s] 
[0.556s]   Could not find a package configuration file provided by
[0.556s]   "controller_manager" with any of the following names:
[0.556s] 
[0.556s]     controller_managerConfig.cmake
[0.556s]     controller_manager-config.cmake
[0.556s] 
[0.556s]   Add the installation prefix of "controller_manager" to CMAKE_PREFIX_PATH or
[0.556s]   set "controller_manager_DIR" to a directory containing one of the above
[0.556s]   files.  If "controller_manager" provides a separate development package or
[0.556s]   SDK, be sure it has been installed.
[0.556s] 
[0.556s] [0m
[0.556s] -- Configuring incomplete, errors occurred!
[0.556s] See also "/home/cfh/ntest/build/ign_ros2_control/CMakeFiles/CMakeOutput.log".
[0.557s] gmake: *** [Makefile:308: cmake_check_build_system] Error 1
[0.559s] Invoked command in '/home/cfh/ntest/build/ign_ros2_control' returned '2': CMAKE_PREFIX_PATH=/opt/ros/humble /usr/bin/cmake --build /home/cfh/ntest/build/ign_ros2_control -- -j24 -l24
