[0.113s] Invoking command in '/home/cfh/ntest/build/six_dof_arm': CMAKE_PREFIX_PATH=/opt/ros/humble /usr/bin/cmake --build /home/cfh/ntest/build/six_dof_arm -- -j24 -l24
[0.121s] -- Found ament_cmake: 1.3.9 (/opt/ros/humble/share/ament_cmake/cmake)
[0.178s] -- Found ament_lint_auto: 0.12.11 (/opt/ros/humble/share/ament_lint_auto/cmake)
[0.210s] -- Added test 'flake8' to check Python code syntax and style conventions
[0.210s] -- Added test 'lint_cmake' to check CMake code style
[0.211s] -- Added test 'pep257' to check Python code against some of the docstring style conventions in PEP 257
[0.211s] -- Added test 'xmllint' to check XML markup files
[0.211s] -- Configuring done
[0.212s] -- Generating done
[0.213s] -- Build files have been written to: /home/cfh/ntest/build/six_dof_arm
[0.221s] Invoked command in '/home/cfh/ntest/build/six_dof_arm' returned '0': CMAKE_PREFIX_PATH=/opt/ros/humble /usr/bin/cmake --build /home/cfh/ntest/build/six_dof_arm -- -j24 -l24
[0.232s] Invoking command in '/home/cfh/ntest/build/six_dof_arm': CMAKE_PREFIX_PATH=/opt/ros/humble /usr/bin/cmake --install /home/cfh/ntest/build/six_dof_arm
[0.235s] -- Install configuration: ""
[0.235s] -- Up-to-date: /home/cfh/ntest/install/six_dof_arm/share/six_dof_arm/launch
[0.235s] -- Up-to-date: /home/cfh/ntest/install/six_dof_arm/share/six_dof_arm/launch/gazebo.launch.py
[0.235s] -- Up-to-date: /home/cfh/ntest/install/six_dof_arm/share/six_dof_arm/launch/gazebov1.launch.py
[0.235s] -- Up-to-date: /home/cfh/ntest/install/six_dof_arm/share/six_dof_arm/urdf
[0.235s] -- Up-to-date: /home/cfh/ntest/install/six_dof_arm/share/six_dof_arm/meshes
[0.235s] -- Up-to-date: /home/cfh/ntest/install/six_dof_arm/share/ament_index/resource_index/package_run_dependencies/six_dof_arm
[0.235s] -- Installing: /home/cfh/ntest/install/six_dof_arm/share/ament_index/resource_index/parent_prefix_path/six_dof_arm
[0.235s] -- Installing: /home/cfh/ntest/install/six_dof_arm/share/six_dof_arm/environment/ament_prefix_path.sh
[0.235s] -- Installing: /home/cfh/ntest/install/six_dof_arm/share/six_dof_arm/environment/ament_prefix_path.dsv
[0.235s] -- Installing: /home/cfh/ntest/install/six_dof_arm/share/six_dof_arm/environment/path.sh
[0.236s] -- Installing: /home/cfh/ntest/install/six_dof_arm/share/six_dof_arm/environment/path.dsv
[0.236s] -- Up-to-date: /home/cfh/ntest/install/six_dof_arm/share/six_dof_arm/local_setup.bash
[0.236s] -- Up-to-date: /home/cfh/ntest/install/six_dof_arm/share/six_dof_arm/local_setup.sh
[0.236s] -- Up-to-date: /home/cfh/ntest/install/six_dof_arm/share/six_dof_arm/local_setup.zsh
[0.236s] -- Installing: /home/cfh/ntest/install/six_dof_arm/share/six_dof_arm/local_setup.dsv
[0.236s] -- Installing: /home/cfh/ntest/install/six_dof_arm/share/six_dof_arm/package.dsv
[0.236s] -- Up-to-date: /home/cfh/ntest/install/six_dof_arm/share/ament_index/resource_index/packages/six_dof_arm
[0.236s] -- Installing: /home/cfh/ntest/install/six_dof_arm/share/six_dof_arm/cmake/six_dof_armConfig.cmake
[0.236s] -- Installing: /home/cfh/ntest/install/six_dof_arm/share/six_dof_arm/cmake/six_dof_armConfig-version.cmake
[0.236s] -- Installing: /home/cfh/ntest/install/six_dof_arm/share/six_dof_arm/package.xml
[0.237s] Invoked command in '/home/cfh/ntest/build/six_dof_arm' returned '0': CMAKE_PREFIX_PATH=/opt/ros/humble /usr/bin/cmake --install /home/cfh/ntest/build/six_dof_arm
