[0.157s] Invoking command in '/home/cfh/ntest/build/six_dof_arm': CMAKE_PREFIX_PATH=${CMAKE_PREFIX_PATH}:/home/cfh/ntest/install/mycobot_description:/home/cfh/robo_ws/install/mycobot_description:/home/cfh/ws_moveit2/install/moveit_configs_utils:/home/cfh/ws_moveit2/install/launch_param_builder:/home/cfh/colcon_ws/install/mycobot_320pi:/home/cfh/colcon_ws/install/mycobot_description:/home/cfh/colcon_ws/install/mycobot_communication:/opt/ros/humble /usr/bin/cmake --build /home/cfh/ntest/build/six_dof_arm -- -j24 -l24
[0.169s] -- Found ament_cmake: 1.3.9 (/opt/ros/humble/share/ament_cmake/cmake)
[0.247s] -- Found ament_lint_auto: 0.12.11 (/opt/ros/humble/share/ament_lint_auto/cmake)
[0.288s] -- Added test 'flake8' to check Python code syntax and style conventions
[0.289s] -- Added test 'lint_cmake' to check CMake code style
[0.289s] -- Added test 'pep257' to check Python code against some of the docstring style conventions in PEP 257
[0.290s] -- Added test 'xmllint' to check XML markup files
[0.290s] -- Configuring done
[0.292s] -- Generating done
[0.292s] -- Build files have been written to: /home/cfh/ntest/build/six_dof_arm
[0.304s] Invoked command in '/home/cfh/ntest/build/six_dof_arm' returned '0': CMAKE_PREFIX_PATH=${CMAKE_PREFIX_PATH}:/home/cfh/ntest/install/mycobot_description:/home/cfh/robo_ws/install/mycobot_description:/home/cfh/ws_moveit2/install/moveit_configs_utils:/home/cfh/ws_moveit2/install/launch_param_builder:/home/cfh/colcon_ws/install/mycobot_320pi:/home/cfh/colcon_ws/install/mycobot_description:/home/cfh/colcon_ws/install/mycobot_communication:/opt/ros/humble /usr/bin/cmake --build /home/cfh/ntest/build/six_dof_arm -- -j24 -l24
[0.326s] Invoking command in '/home/cfh/ntest/build/six_dof_arm': CMAKE_PREFIX_PATH=${CMAKE_PREFIX_PATH}:/home/cfh/ntest/install/mycobot_description:/home/cfh/robo_ws/install/mycobot_description:/home/cfh/ws_moveit2/install/moveit_configs_utils:/home/cfh/ws_moveit2/install/launch_param_builder:/home/cfh/colcon_ws/install/mycobot_320pi:/home/cfh/colcon_ws/install/mycobot_description:/home/cfh/colcon_ws/install/mycobot_communication:/opt/ros/humble /usr/bin/cmake --install /home/cfh/ntest/build/six_dof_arm
[0.331s] -- Install configuration: ""
[0.332s] -- Up-to-date: /home/cfh/ntest/install/six_dof_arm/share/six_dof_arm/launch
[0.332s] -- Up-to-date: /home/cfh/ntest/install/six_dof_arm/share/six_dof_arm/launch/gazebo.launch.py
[0.332s] -- Up-to-date: /home/cfh/ntest/install/six_dof_arm/share/six_dof_arm/launch/gazebov1.launch.py
[0.332s] -- Up-to-date: /home/cfh/ntest/install/six_dof_arm/share/six_dof_arm/urdf
[0.332s] -- Up-to-date: /home/cfh/ntest/install/six_dof_arm/share/six_dof_arm/meshes
[0.332s] -- Up-to-date: /home/cfh/ntest/install/six_dof_arm/share/ament_index/resource_index/package_run_dependencies/six_dof_arm
[0.332s] -- Up-to-date: /home/cfh/ntest/install/six_dof_arm/share/ament_index/resource_index/parent_prefix_path/six_dof_arm
[0.332s] -- Up-to-date: /home/cfh/ntest/install/six_dof_arm/share/six_dof_arm/environment/ament_prefix_path.sh
[0.332s] -- Installing: /home/cfh/ntest/install/six_dof_arm/share/six_dof_arm/environment/ament_prefix_path.dsv
[0.333s] -- Up-to-date: /home/cfh/ntest/install/six_dof_arm/share/six_dof_arm/environment/path.sh
[0.333s] -- Installing: /home/cfh/ntest/install/six_dof_arm/share/six_dof_arm/environment/path.dsv
[0.333s] -- Up-to-date: /home/cfh/ntest/install/six_dof_arm/share/six_dof_arm/local_setup.bash
[0.333s] -- Up-to-date: /home/cfh/ntest/install/six_dof_arm/share/six_dof_arm/local_setup.sh
[0.333s] -- Up-to-date: /home/cfh/ntest/install/six_dof_arm/share/six_dof_arm/local_setup.zsh
[0.333s] -- Installing: /home/cfh/ntest/install/six_dof_arm/share/six_dof_arm/local_setup.dsv
[0.333s] -- Installing: /home/cfh/ntest/install/six_dof_arm/share/six_dof_arm/package.dsv
[0.333s] -- Up-to-date: /home/cfh/ntest/install/six_dof_arm/share/ament_index/resource_index/packages/six_dof_arm
[0.333s] -- Up-to-date: /home/cfh/ntest/install/six_dof_arm/share/six_dof_arm/cmake/six_dof_armConfig.cmake
[0.333s] -- Up-to-date: /home/cfh/ntest/install/six_dof_arm/share/six_dof_arm/cmake/six_dof_armConfig-version.cmake
[0.334s] -- Installing: /home/cfh/ntest/install/six_dof_arm/share/six_dof_arm/package.xml
[0.334s] Invoked command in '/home/cfh/ntest/build/six_dof_arm' returned '0': CMAKE_PREFIX_PATH=${CMAKE_PREFIX_PATH}:/home/cfh/ntest/install/mycobot_description:/home/cfh/robo_ws/install/mycobot_description:/home/cfh/ws_moveit2/install/moveit_configs_utils:/home/cfh/ws_moveit2/install/launch_param_builder:/home/cfh/colcon_ws/install/mycobot_320pi:/home/cfh/colcon_ws/install/mycobot_description:/home/cfh/colcon_ws/install/mycobot_communication:/opt/ros/humble /usr/bin/cmake --install /home/cfh/ntest/build/six_dof_arm
