[0.011s] Invoking command in '/home/cfh/ntest/build/ign_ros2_control': CMAKE_PREFIX_PATH=${CMAKE_PREFIX_PATH}:/home/cfh/robo_ws/install/mycobot_description:/home/cfh/ws_moveit2/install/moveit_configs_utils:/home/cfh/ws_moveit2/install/launch_param_builder:/home/cfh/colcon_ws/install/mycobot_320pi:/home/cfh/colcon_ws/install/mycobot_description:/home/cfh/colcon_ws/install/mycobot_communication:/opt/ros/humble /usr/bin/cmake /home/cfh/ntest/src/ign_ros2_control -DCMAKE_INSTALL_PREFIX=/home/cfh/ntest/install/ign_ros2_control
[0.061s] -- The C compiler identification is GNU 11.4.0
[0.226s] -- The CXX compiler identification is GNU 11.4.0
[0.341s] -- Detecting C compiler ABI info
[0.417s] -- Detecting C compiler ABI info - done
[0.421s] -- Check for working C compiler: /usr/bin/cc - skipped
[0.421s] -- Detecting C compile features
[0.421s] -- Detecting C compile features - done
[0.422s] -- Detecting CXX compiler ABI info
[0.494s] -- Detecting CXX compiler ABI info - done
[0.497s] -- Check for working CXX compiler: /usr/bin/c++ - skipped
[0.498s] -- Detecting CXX compile features
[0.498s] -- Detecting CXX compile features - done
[0.500s] -- Found ament_cmake: 1.3.9 (/opt/ros/humble/share/ament_cmake/cmake)
[0.577s] -- Found Python3: /usr/bin/python3 (found version "3.10.12") found components: Interpreter 
[0.637s] -- Found ament_index_cpp: 1.4.0 (/opt/ros/humble/share/ament_index_cpp/cmake)
[0.639s] -- Found controller_manager: 2.41.0 (/opt/ros/humble/share/controller_manager/cmake)
[0.720s] -- Found rosidl_generator_c: 3.1.5 (/opt/ros/humble/share/rosidl_generator_c/cmake)
[0.725s] -- Found rosidl_adapter: 3.1.5 (/opt/ros/humble/share/rosidl_adapter/cmake)
[0.732s] -- Found rosidl_generator_cpp: 3.1.5 (/opt/ros/humble/share/rosidl_generator_cpp/cmake)
[0.742s] -- Using all available rosidl_typesupport_c: rosidl_typesupport_fastrtps_c;rosidl_typesupport_introspection_c
[0.757s] -- Using all available rosidl_typesupport_cpp: rosidl_typesupport_fastrtps_cpp;rosidl_typesupport_introspection_cpp
[1.587s] -- Found rmw_implementation_cmake: 6.1.2 (/opt/ros/humble/share/rmw_implementation_cmake/cmake)
[1.591s] -- Found rmw_fastrtps_cpp: 6.2.6 (/opt/ros/humble/share/rmw_fastrtps_cpp/cmake)
[1.616s] -- Found TinyXML2 via Config file: TinyXML2_DIR-NOTFOUND
[1.643s] -- Found OpenSSL: /usr/lib/x86_64-linux-gnu/libcrypto.so (found version "3.0.2")  
[1.645s] -- Found TinyXML2 via Config file: TinyXML2_DIR-NOTFOUND
[1.713s] -- Found FastRTPS: /opt/ros/humble/include  
[1.718s] -- Found TinyXML2 via Config file: TinyXML2_DIR-NOTFOUND
[1.723s] -- Found TinyXML2 via Config file: TinyXML2_DIR-NOTFOUND
[1.758s] -- Using RMW implementation 'rmw_fastrtps_cpp' as default
[1.767s] -- Looking for pthread.h
[1.842s] -- Looking for pthread.h - found
[1.842s] -- Performing Test CMAKE_HAVE_LIBC_PTHREAD
[1.917s] -- Performing Test CMAKE_HAVE_LIBC_PTHREAD - Success
[1.917s] -- Found Threads: TRUE  
[2.226s] -- Found yaml_cpp_vendor: 8.0.2 (/opt/ros/humble/share/yaml_cpp_vendor/cmake)
[2.234s] -- Looking for ignition-gazebo6 -- found version 6.16.0
[2.238s] -- Searching for dependencies of ignition-gazebo6
[2.241s] -- Looking for sdformat12 -- found version 12.7.2
[2.241s] -- Searching for dependencies of sdformat12
[2.244s] -- Checking for module 'tinyxml2'
[2.251s] --   Found tinyxml2, version 9.0.0
[2.268s] -- Looking for ignition-math6 -- found version 6.15.1
[2.268s] -- Searching for dependencies of ignition-math6
[2.271s] -- Looking for ignition-utils1 -- found version 1.2.0
[2.271s] -- Searching for dependencies of ignition-utils1
[2.275s] -- Looking for ignition-plugin1 -- found version 1.4.0
[2.275s] -- Searching for dependencies of ignition-plugin1
[2.276s] -- Searching for <ignition-plugin1> component [loader]
[2.279s] -- Looking for ignition-plugin1-loader -- found version 1.4.0
[2.279s] -- Searching for dependencies of ignition-plugin1-loader
[2.279s] -- Searching for <ignition-plugin1> component [register]
[2.282s] -- Looking for ignition-plugin1-register -- found version 1.4.0
[2.282s] -- Searching for dependencies of ignition-plugin1-register
[2.285s] -- Looking for ignition-transport11 -- found version 11.4.1
[2.285s] -- Searching for dependencies of ignition-transport11
[2.759s] -- Found Protobuf: /usr/lib/x86_64-linux-gnu/libprotobuf.so (found version "3.12.4") 
[3.113s] -- Config-file not installed for ZeroMQ -- checking for pkg-config
[3.115s] -- Checking for module 'libzmq >= 4'
[3.123s] --   Found libzmq , version 4.3.4
[3.139s] -- Found ZeroMQ: TRUE (Required is at least version "4") 
[3.155s] -- Checking for module 'uuid'
[3.162s] --   Found uuid, version 2.37.2
[3.177s] -- Found UUID: TRUE  
[3.177s] -- Looking for ignition-utils1 -- found version 1.2.0
[3.178s] -- Searching for dependencies of ignition-utils1
[3.178s] -- Searching for <ignition-utils1> component [cli]
[3.182s] -- Looking for ignition-utils1-cli -- found version 1.2.0
[3.182s] -- Searching for dependencies of ignition-utils1-cli
[3.188s] -- Looking for ignition-msgs8 -- found version 8.7.0
[3.188s] -- Searching for dependencies of ignition-msgs8
[3.524s] -- Found Protobuf: /usr/lib/x86_64-linux-gnu/libprotobuf.so (found suitable version "3.12.4", minimum required is "3") 
[3.524s] -- Looking for ignition-math6 -- found version 6.15.1
[3.556s] -- Searching for <ignition-transport11> component [log]
[3.559s] -- Looking for ignition-transport11-log -- found version 11.4.1
[3.559s] -- Searching for dependencies of ignition-transport11-log
[3.560s] -- Searching for <ignition-transport11> component [parameters]
[3.563s] -- Looking for ignition-transport11-parameters -- found version 11.4.1
[3.563s] -- Searching for dependencies of ignition-transport11-parameters
[3.564s] -- Looking for ignition-msgs8 -- found version 8.7.0
[3.567s] -- Looking for ignition-common4 -- found version 4.7.0
[3.567s] -- Searching for dependencies of ignition-common4
[3.581s] -- Looking for dlfcn.h - found
[3.593s] -- Looking for libdl - found
[3.594s] -- Found DL: TRUE  
[3.625s] -- Searching for <ignition-common4> component [profiler]
[3.628s] -- Looking for ignition-common4-profiler -- found version 4.7.0
[3.628s] -- Searching for dependencies of ignition-common4-profiler
[3.628s] -- Searching for <ignition-common4> component [events]
[3.631s] -- Looking for ignition-common4-events -- found version 4.7.0
[3.631s] -- Searching for dependencies of ignition-common4-events
[3.632s] -- Looking for ignition-math6 -- found version 6.15.1
[3.632s] -- Searching for <ignition-common4> component [av]
[3.635s] -- Looking for ignition-common4-av -- found version 4.7.0
[3.635s] -- Searching for dependencies of ignition-common4-av
[3.638s] -- Checking for module 'libswscale'
[3.646s] --   Found libswscale, version 5.9.100
[3.661s] -- Found SWSCALE: TRUE  
[3.664s] -- Checking for module 'libavdevice >= 56.4.100'
[3.672s] --   Found libavdevice , version 58.13.100
[3.689s] -- Found AVDEVICE: TRUE (Required is at least version "56.4.100") 
[3.692s] -- Checking for module 'libavformat'
[3.699s] --   Found libavformat, version 58.76.100
[3.715s] -- Found AVFORMAT: TRUE  
[3.717s] -- Checking for module 'libavcodec'
[3.725s] --   Found libavcodec, version 58.134.100
[3.741s] -- Found AVCODEC: TRUE  
[3.744s] -- Checking for module 'libavutil'
[3.751s] --   Found libavutil, version 56.70.100
[3.766s] -- Found AVUTIL: TRUE  
[3.769s] -- Looking for ignition-fuel_tools7 -- found version 7.3.0
[3.770s] -- Searching for dependencies of ignition-fuel_tools7
[4.160s] -- Found CURL: /usr/lib/x86_64-linux-gnu/libcurl.so (found version "7.81.0")  
[4.165s] -- Checking for module 'jsoncpp'
[4.172s] --   Found jsoncpp, version 1.9.5
[4.188s] -- Found JSONCPP: TRUE  
[4.191s] -- Checking for module 'libzip'
[4.198s] --   Found libzip, version 1.7.3
[4.213s] -- Found ZIP: TRUE  
[4.213s] -- Looking for ignition-common4 -- found version 4.7.0
[4.213s] -- Looking for ignition-math6 -- found version 6.15.1
[4.213s] -- Looking for ignition-msgs8 -- found version 8.7.0
[4.218s] -- Looking for ignition-gui6 -- found version 6.8.0
[4.218s] -- Searching for dependencies of ignition-gui6
[4.566s] -- Looking for ignition-math6 -- found version 6.15.1
[4.566s] -- Looking for ignition-common4 -- found version 4.7.0
[4.566s] -- Looking for ignition-plugin1 -- found version 1.4.0
[4.567s] -- Looking for ignition-transport11 -- found version 11.4.1
[4.571s] -- Looking for ignition-rendering6 -- found version 6.6.3
[4.571s] -- Searching for dependencies of ignition-rendering6
[4.571s] -- Looking for ignition-math6 -- found version 6.15.1
[4.571s] -- Searching for dependencies of ignition-math6
[4.571s] -- Searching for <ignition-math6> component [eigen3]
[4.574s] -- Looking for ignition-math6-eigen3 -- found version 6.15.1
[4.574s] -- Searching for dependencies of ignition-math6-eigen3
[4.579s] -- Looking for ignition-common4 -- found version 4.7.0
[4.580s] -- Searching for dependencies of ignition-common4
[4.580s] -- Looking for dlfcn.h - found
[4.580s] -- Looking for libdl - found
[4.596s] -- Searching for <ignition-common4> component [graphics]
[4.599s] -- Looking for ignition-common4-graphics -- found version 4.7.0
[4.599s] -- Searching for dependencies of ignition-common4-graphics
[4.599s] -- Looking for ignition-math6 -- found version 6.15.1
[4.599s] -- Looking for ignition-utils1 -- found version 1.2.0
[4.600s] -- Searching for dependencies of ignition-utils1
[4.600s] -- Searching for <ignition-common4> component [events]
[4.601s] -- Looking for ignition-plugin1 -- found version 1.4.0
[4.601s] -- Searching for dependencies of ignition-plugin1
[4.601s] -- Searching for <ignition-plugin1> component [all]
[4.604s] -- Looking for all libraries of ignition-plugin1 -- found version 1.4.0
[4.604s] -- Looking for ignition-plugin1 -- found version 1.4.0
[4.605s] -- Looking for ignition-msgs8 -- found version 8.7.0
[4.657s] -- Looking for ignition-physics5 -- found version 5.3.2
[4.657s] -- Searching for dependencies of ignition-physics5
[4.658s] -- Looking for ignition-math6 -- found version 6.15.1
[4.658s] -- Looking for ignition-plugin1 -- found version 1.4.0
[4.658s] -- Looking for ignition-utils1 -- found version 1.2.0
[4.658s] -- Searching for dependencies of ignition-utils1
[4.658s] -- Searching for <ignition-utils1> component [cli]
[4.659s] -- Searching for <ignition-physics5> component [heightmap]
[4.662s] -- Looking for ignition-physics5-heightmap -- found version 5.3.2
[4.662s] -- Searching for dependencies of ignition-physics5-heightmap
[4.662s] -- Looking for ignition-common4 -- found version 4.7.0
[4.663s] -- Searching for <ignition-physics5> component [mesh]
[4.665s] -- Looking for ignition-physics5-mesh -- found version 5.3.2
[4.666s] -- Searching for dependencies of ignition-physics5-mesh
[4.666s] -- Looking for ignition-common4 -- found version 4.7.0
[4.667s] -- Searching for <ignition-physics5> component [sdf]
[4.669s] -- Looking for ignition-physics5-sdf -- found version 5.3.2
[4.670s] -- Searching for dependencies of ignition-physics5-sdf
[4.670s] -- Looking for sdformat12 -- found version 12.7.2
[4.673s] -- Looking for ignition-sensors6 -- found version 6.8.0
[4.673s] -- Searching for dependencies of ignition-sensors6
[4.993s] -- Found Protobuf: /usr/lib/x86_64-linux-gnu/libprotobuf.so (found version "3.12.4") 
[4.993s] -- Looking for ignition-math6 -- found version 6.15.1
[4.993s] -- Looking for ignition-common4 -- found version 4.7.0
[4.994s] -- Looking for ignition-transport11 -- found version 11.4.1
[4.994s] -- Looking for ignition-rendering6 -- found version 6.6.3
[4.994s] -- Looking for ignition-msgs8 -- found version 8.7.0
[4.994s] -- Looking for sdformat12 -- found version 12.7.2
[4.996s] -- Searching for <ignition-sensors6> component [air_pressure]
[4.999s] -- Looking for ignition-sensors6-air_pressure -- found version 6.8.0
[4.999s] -- Searching for dependencies of ignition-sensors6-air_pressure
[5.000s] -- Searching for <ignition-sensors6> component [altimeter]
[5.003s] -- Looking for ignition-sensors6-altimeter -- found version 6.8.0
[5.003s] -- Searching for dependencies of ignition-sensors6-altimeter
[5.004s] -- Searching for <ignition-sensors6> component [imu]
[5.006s] -- Looking for ignition-sensors6-imu -- found version 6.8.0
[5.006s] -- Searching for dependencies of ignition-sensors6-imu
[5.007s] -- Searching for <ignition-sensors6> component [force_torque]
[5.010s] -- Looking for ignition-sensors6-force_torque -- found version 6.8.0
[5.010s] -- Searching for dependencies of ignition-sensors6-force_torque
[5.010s] -- Searching for <ignition-sensors6> component [logical_camera]
[5.013s] -- Looking for ignition-sensors6-logical_camera -- found version 6.8.0
[5.013s] -- Searching for dependencies of ignition-sensors6-logical_camera
[5.014s] -- Searching for <ignition-sensors6> component [magnetometer]
[5.017s] -- Looking for ignition-sensors6-magnetometer -- found version 6.8.0
[5.017s] -- Searching for dependencies of ignition-sensors6-magnetometer
[5.018s] -- Searching for <ignition-sensors6> component [navsat]
[5.021s] -- Looking for ignition-sensors6-navsat -- found version 6.8.0
[5.021s] -- Searching for dependencies of ignition-sensors6-navsat
[5.022s] -- Searching for <ignition-sensors6> component [rendering]
[5.024s] -- Looking for ignition-sensors6-rendering -- found version 6.8.0
[5.025s] -- Searching for dependencies of ignition-sensors6-rendering
[5.025s] -- Searching for <ignition-sensors6> component [lidar]
[5.028s] -- Looking for ignition-sensors6-lidar -- found version 6.8.0
[5.028s] -- Searching for dependencies of ignition-sensors6-lidar
[5.029s] -- Looking for ignition-sensors6 -- found version 6.8.0
[5.029s] -- Searching for <ignition-sensors6> component [gpu_lidar]
[5.032s] -- Looking for ignition-sensors6-gpu_lidar -- found version 6.8.0
[5.032s] -- Searching for dependencies of ignition-sensors6-gpu_lidar
[5.032s] -- Looking for ignition-sensors6 -- found version 6.8.0
[5.033s] -- Searching for <ignition-sensors6> component [camera]
[5.036s] -- Looking for ignition-sensors6-camera -- found version 6.8.0
[5.036s] -- Searching for dependencies of ignition-sensors6-camera
[5.036s] -- Looking for ignition-sensors6 -- found version 6.8.0
[5.037s] -- Searching for <ignition-sensors6> component [boundingbox_camera]
[5.040s] -- Looking for ignition-sensors6-boundingbox_camera -- found version 6.8.0
[5.040s] -- Searching for dependencies of ignition-sensors6-boundingbox_camera
[5.040s] -- Searching for <ignition-sensors6> component [segmentation_camera]
[5.043s] -- Looking for ignition-sensors6-segmentation_camera -- found version 6.8.0
[5.043s] -- Searching for dependencies of ignition-sensors6-segmentation_camera
[5.044s] -- Searching for <ignition-sensors6> component [depth_camera]
[5.047s] -- Looking for ignition-sensors6-depth_camera -- found version 6.8.0
[5.047s] -- Searching for dependencies of ignition-sensors6-depth_camera
[5.047s] -- Looking for ignition-sensors6 -- found version 6.8.0
[5.048s] -- Searching for <ignition-sensors6> component [rgbd_camera]
[5.051s] -- Looking for ignition-sensors6-rgbd_camera -- found version 6.8.0
[5.051s] -- Searching for dependencies of ignition-sensors6-rgbd_camera
[5.051s] -- Looking for ignition-sensors6 -- found version 6.8.0
[5.052s] -- Searching for <ignition-sensors6> component [thermal_camera]
[5.055s] -- Looking for ignition-sensors6-thermal_camera -- found version 6.8.0
[5.055s] -- Searching for dependencies of ignition-sensors6-thermal_camera
[5.055s] -- Looking for ignition-sensors6 -- found version 6.8.0
[5.056s] -- Looking for ignition-rendering6 -- found version 6.6.3
[5.056s] -- Looking for ignition-math6 -- found version 6.15.1
[5.059s] -- Looking for ignition-utils1 -- found version 1.2.0
[5.059s] -- Searching for dependencies of ignition-utils1
[5.059s] -- Searching for <ignition-utils1> component [cli]
[5.511s] -- Compiling against Ignition Fortress
[5.512s] -- Looking for ignition-plugin1 -- found version 1.4.0
[5.778s] -- Found ament_lint_auto: 0.12.11 (/opt/ros/humble/share/ament_lint_auto/cmake)
[5.836s] -- Added test 'copyright' to check source files copyright and LICENSE
[5.837s] -- Added test 'cppcheck' to perform static code analysis on C / C++ code
[5.837s] -- Configured cppcheck include dirs: /home/cfh/ntest/src/ign_ros2_control/include
[5.837s] -- Configured cppcheck exclude dirs and/or files: 
[5.838s] -- Added test 'cpplint' to check C / C++ code against the Google style
[5.838s] -- Configured cpplint exclude dirs and/or files: 
[5.838s] -- Added test 'lint_cmake' to check CMake code style
[5.839s] -- Added test 'uncrustify' to check C / C++ code style
[5.839s] -- Configured uncrustify additional arguments: 
[5.840s] -- Added test 'xmllint' to check XML markup files
[5.842s] -- Configuring done
[5.863s] -- Generating done
[5.864s] -- Build files have been written to: /home/cfh/ntest/build/ign_ros2_control
[5.871s] Invoked command in '/home/cfh/ntest/build/ign_ros2_control' returned '0': CMAKE_PREFIX_PATH=${CMAKE_PREFIX_PATH}:/home/cfh/robo_ws/install/mycobot_description:/home/cfh/ws_moveit2/install/moveit_configs_utils:/home/cfh/ws_moveit2/install/launch_param_builder:/home/cfh/colcon_ws/install/mycobot_320pi:/home/cfh/colcon_ws/install/mycobot_description:/home/cfh/colcon_ws/install/mycobot_communication:/opt/ros/humble /usr/bin/cmake /home/cfh/ntest/src/ign_ros2_control -DCMAKE_INSTALL_PREFIX=/home/cfh/ntest/install/ign_ros2_control
[5.872s] Invoking command in '/home/cfh/ntest/build/ign_ros2_control': CMAKE_PREFIX_PATH=${CMAKE_PREFIX_PATH}:/home/cfh/robo_ws/install/mycobot_description:/home/cfh/ws_moveit2/install/moveit_configs_utils:/home/cfh/ws_moveit2/install/launch_param_builder:/home/cfh/colcon_ws/install/mycobot_320pi:/home/cfh/colcon_ws/install/mycobot_description:/home/cfh/colcon_ws/install/mycobot_communication:/opt/ros/humble /usr/bin/cmake --build /home/cfh/ntest/build/ign_ros2_control -- -j24 -l24
[5.898s] [ 50%] [32mBuilding CXX object CMakeFiles/ign_ros2_control-system.dir/src/ign_ros2_control_plugin.cpp.o[0m
[5.898s] [ 50%] [32mBuilding CXX object CMakeFiles/ign_hardware_plugins.dir/src/ign_system.cpp.o[0m
[11.108s] [ 75%] [32m[1mLinking CXX shared library libign_hardware_plugins.so[0m
[11.322s] [100%] [32m[1mLinking CXX shared library libign_ros2_control-system.so[0m
[11.450s] [100%] Built target ign_hardware_plugins
[11.697s] [100%] Built target ign_ros2_control-system
[11.703s] Invoked command in '/home/cfh/ntest/build/ign_ros2_control' returned '0': CMAKE_PREFIX_PATH=${CMAKE_PREFIX_PATH}:/home/cfh/robo_ws/install/mycobot_description:/home/cfh/ws_moveit2/install/moveit_configs_utils:/home/cfh/ws_moveit2/install/launch_param_builder:/home/cfh/colcon_ws/install/mycobot_320pi:/home/cfh/colcon_ws/install/mycobot_description:/home/cfh/colcon_ws/install/mycobot_communication:/opt/ros/humble /usr/bin/cmake --build /home/cfh/ntest/build/ign_ros2_control -- -j24 -l24
[11.719s] Invoking command in '/home/cfh/ntest/build/ign_ros2_control': CMAKE_PREFIX_PATH=${CMAKE_PREFIX_PATH}:/home/cfh/robo_ws/install/mycobot_description:/home/cfh/ws_moveit2/install/moveit_configs_utils:/home/cfh/ws_moveit2/install/launch_param_builder:/home/cfh/colcon_ws/install/mycobot_320pi:/home/cfh/colcon_ws/install/mycobot_description:/home/cfh/colcon_ws/install/mycobot_communication:/opt/ros/humble /usr/bin/cmake --install /home/cfh/ntest/build/ign_ros2_control
[11.722s] -- Install configuration: ""
[11.722s] -- Installing: /home/cfh/ntest/install/ign_ros2_control/lib/libign_hardware_plugins.so
[11.723s] -- Set runtime path of "/home/cfh/ntest/install/ign_ros2_control/lib/libign_hardware_plugins.so" to ""
[11.723s] -- Installing: /home/cfh/ntest/install/ign_ros2_control/include
[11.724s] -- Installing: /home/cfh/ntest/install/ign_ros2_control/include/ign_ros2_control
[11.724s] -- Installing: /home/cfh/ntest/install/ign_ros2_control/include/ign_ros2_control/ign_system_interface.hpp
[11.724s] -- Installing: /home/cfh/ntest/install/ign_ros2_control/include/ign_ros2_control/ign_system.hpp
[11.724s] -- Installing: /home/cfh/ntest/install/ign_ros2_control/include/ign_ros2_control/ign_ros2_control_plugin.hpp
[11.724s] -- Installing: /home/cfh/ntest/install/ign_ros2_control/share/ign_ros2_control/environment/library_path.sh
[11.724s] -- Installing: /home/cfh/ntest/install/ign_ros2_control/share/ign_ros2_control/environment/library_path.dsv
[11.724s] -- Installing: /home/cfh/ntest/install/ign_ros2_control/lib/libign_ros2_control-system.so
[11.725s] -- Set runtime path of "/home/cfh/ntest/install/ign_ros2_control/lib/libign_ros2_control-system.so" to ""
[11.726s] -- Installing: /home/cfh/ntest/install/ign_ros2_control/share/ign_ros2_control/ign_hardware_plugins.xml
[11.726s] -- Installing: /home/cfh/ntest/install/ign_ros2_control/share/ament_index/resource_index/package_run_dependencies/ign_ros2_control
[11.726s] -- Installing: /home/cfh/ntest/install/ign_ros2_control/share/ament_index/resource_index/parent_prefix_path/ign_ros2_control
[11.726s] -- Installing: /home/cfh/ntest/install/ign_ros2_control/share/ign_ros2_control/environment/ament_prefix_path.sh
[11.726s] -- Installing: /home/cfh/ntest/install/ign_ros2_control/share/ign_ros2_control/environment/ament_prefix_path.dsv
[11.726s] -- Installing: /home/cfh/ntest/install/ign_ros2_control/share/ign_ros2_control/environment/path.sh
[11.726s] -- Installing: /home/cfh/ntest/install/ign_ros2_control/share/ign_ros2_control/environment/path.dsv
[11.726s] -- Installing: /home/cfh/ntest/install/ign_ros2_control/share/ign_ros2_control/local_setup.bash
[11.726s] -- Installing: /home/cfh/ntest/install/ign_ros2_control/share/ign_ros2_control/local_setup.sh
[11.726s] -- Installing: /home/cfh/ntest/install/ign_ros2_control/share/ign_ros2_control/local_setup.zsh
[11.726s] -- Installing: /home/cfh/ntest/install/ign_ros2_control/share/ign_ros2_control/local_setup.dsv
[11.726s] -- Installing: /home/cfh/ntest/install/ign_ros2_control/share/ign_ros2_control/package.dsv
[11.726s] -- Installing: /home/cfh/ntest/install/ign_ros2_control/share/ament_index/resource_index/packages/ign_ros2_control
[11.726s] -- Installing: /home/cfh/ntest/install/ign_ros2_control/share/ament_index/resource_index/ign_ros2_control__pluginlib__plugin/ign_ros2_control
[11.727s] -- Installing: /home/cfh/ntest/install/ign_ros2_control/share/ign_ros2_control/cmake/ament_cmake_export_include_directories-extras.cmake
[11.727s] -- Installing: /home/cfh/ntest/install/ign_ros2_control/share/ign_ros2_control/cmake/ament_cmake_export_libraries-extras.cmake
[11.727s] -- Installing: /home/cfh/ntest/install/ign_ros2_control/share/ign_ros2_control/cmake/ign_ros2_controlConfig.cmake
[11.727s] -- Installing: /home/cfh/ntest/install/ign_ros2_control/share/ign_ros2_control/cmake/ign_ros2_controlConfig-version.cmake
[11.727s] -- Installing: /home/cfh/ntest/install/ign_ros2_control/share/ign_ros2_control/package.xml
[11.728s] Invoked command in '/home/cfh/ntest/build/ign_ros2_control' returned '0': CMAKE_PREFIX_PATH=${CMAKE_PREFIX_PATH}:/home/cfh/robo_ws/install/mycobot_description:/home/cfh/ws_moveit2/install/moveit_configs_utils:/home/cfh/ws_moveit2/install/launch_param_builder:/home/cfh/colcon_ws/install/mycobot_320pi:/home/cfh/colcon_ws/install/mycobot_description:/home/cfh/colcon_ws/install/mycobot_communication:/opt/ros/humble /usr/bin/cmake --install /home/cfh/ntest/build/ign_ros2_control
