/Users/changbeankang/Claw_For_Humanity/HOS_II/Hawk-ReSolve/ros_gazebo_rviz_moveit/06040704/install/mycobot_description/lib/python3.11/site-packages/mycobot_description/__init__.py
/Users/changbeankang/Claw_For_Humanity/HOS_II/Hawk-ReSolve/ros_gazebo_rviz_moveit/06040704/install/mycobot_description/lib/python3.11/site-packages/mycobot_description/__pycache__/__init__.cpython-311.pyc
/Users/changbeankang/Claw_For_Humanity/HOS_II/Hawk-ReSolve/ros_gazebo_rviz_moveit/06040704/install/mycobot_description/share/ament_index/resource_index/packages/mycobot_description
/Users/changbeankang/Claw_For_Humanity/HOS_II/Hawk-ReSolve/ros_gazebo_rviz_moveit/06040704/install/mycobot_description/share/mycobot_description/package.xml
/Users/changbeankang/Claw_For_Humanity/HOS_II/Hawk-ReSolve/ros_gazebo_rviz_moveit/06040704/install/mycobot_description/share/mycobot_description/urdf/mypalletizer_260_pi
/Users/changbeankang/Claw_For_Humanity/HOS_II/Hawk-ReSolve/ros_gazebo_rviz_moveit/06040704/install/mycobot_description/share/mycobot_description/urdf/mycobot_280_jn
/Users/changbeankang/Claw_For_Humanity/HOS_II/Hawk-ReSolve/ros_gazebo_rviz_moveit/06040704/install/mycobot_description/share/mycobot_description/urdf/mycobot_320_m5_2022
/Users/changbeankang/Claw_For_Humanity/HOS_II/Hawk-ReSolve/ros_gazebo_rviz_moveit/06040704/install/mycobot_description/share/mycobot_description/urdf/mycobot_pro_600
/Users/changbeankang/Claw_For_Humanity/HOS_II/Hawk-ReSolve/ros_gazebo_rviz_moveit/06040704/install/mycobot_description/share/mycobot_description/urdf/mycobot_280_m5
/Users/changbeankang/Claw_For_Humanity/HOS_II/Hawk-ReSolve/ros_gazebo_rviz_moveit/06040704/install/mycobot_description/share/mycobot_description/urdf/mycobot_280_pi
/Users/changbeankang/Claw_For_Humanity/HOS_II/Hawk-ReSolve/ros_gazebo_rviz_moveit/06040704/install/mycobot_description/share/mycobot_description/urdf/mecharm_270_m5
/Users/changbeankang/Claw_For_Humanity/HOS_II/Hawk-ReSolve/ros_gazebo_rviz_moveit/06040704/install/mycobot_description/share/mycobot_description/urdf/mecharm_270_pi
/Users/changbeankang/Claw_For_Humanity/HOS_II/Hawk-ReSolve/ros_gazebo_rviz_moveit/06040704/install/mycobot_description/share/mycobot_description/urdf/mycobot_320_pi_2022/base.dae
/Users/changbeankang/Claw_For_Humanity/HOS_II/Hawk-ReSolve/ros_gazebo_rviz_moveit/06040704/install/mycobot_description/share/mycobot_description/urdf/mycobot_320_pi_2022/link4.dae
/Users/changbeankang/Claw_For_Humanity/HOS_II/Hawk-ReSolve/ros_gazebo_rviz_moveit/06040704/install/mycobot_description/share/mycobot_description/urdf/mycobot_320_pi_2022/link5.dae
/Users/changbeankang/Claw_For_Humanity/HOS_II/Hawk-ReSolve/ros_gazebo_rviz_moveit/06040704/install/mycobot_description/share/mycobot_description/urdf/mycobot_320_pi_2022/link6.dae
/Users/changbeankang/Claw_For_Humanity/HOS_II/Hawk-ReSolve/ros_gazebo_rviz_moveit/06040704/install/mycobot_description/share/mycobot_description/urdf/mycobot_320_pi_2022/new_mycobot_pro_320_pi_2022.sdf
/Users/changbeankang/Claw_For_Humanity/HOS_II/Hawk-ReSolve/ros_gazebo_rviz_moveit/06040704/install/mycobot_description/share/mycobot_description/urdf/mycobot_320_pi_2022/link2.dae
/Users/changbeankang/Claw_For_Humanity/HOS_II/Hawk-ReSolve/ros_gazebo_rviz_moveit/06040704/install/mycobot_description/share/mycobot_description/urdf/mycobot_320_pi_2022/link3.dae
/Users/changbeankang/Claw_For_Humanity/HOS_II/Hawk-ReSolve/ros_gazebo_rviz_moveit/06040704/install/mycobot_description/share/mycobot_description/urdf/mycobot_320_pi_2022/link1.dae
/Users/changbeankang/Claw_For_Humanity/HOS_II/Hawk-ReSolve/ros_gazebo_rviz_moveit/06040704/install/mycobot_description/share/mycobot_description/urdf/mycobot_320_pi_2022/mycobot_320pi.sdf
/Users/changbeankang/Claw_For_Humanity/HOS_II/Hawk-ReSolve/ros_gazebo_rviz_moveit/06040704/install/mycobot_description/share/mycobot_description/urdf/mycobot_320_pi_2022/new_mycobot_vision.sdf
/Users/changbeankang/Claw_For_Humanity/HOS_II/Hawk-ReSolve/ros_gazebo_rviz_moveit/06040704/install/mycobot_description/share/mycobot_description/urdf/mycobot_320_pi_2022/new_mycobot_pro_320_pi_moveit_2022.sdf
/Users/changbeankang/Claw_For_Humanity/HOS_II/Hawk-ReSolve/ros_gazebo_rviz_moveit/06040704/install/mycobot_description/share/mycobot_description/urdf/mycobot_320_pi_2022/new_mycobot_pro_320_pi_2022 copy.sdf
/Users/changbeankang/Claw_For_Humanity/HOS_II/Hawk-ReSolve/ros_gazebo_rviz_moveit/06040704/install/mycobot_description/share/mycobot_description/urdf/mybuddy
/Users/changbeankang/Claw_For_Humanity/HOS_II/Hawk-ReSolve/ros_gazebo_rviz_moveit/06040704/install/mycobot_description/share/mycobot_description/urdf/ultraArm_p340
/Users/changbeankang/Claw_For_Humanity/HOS_II/Hawk-ReSolve/ros_gazebo_rviz_moveit/06040704/install/mycobot_description/share/mycobot_description/urdf/mycobot_280_x3pi
/Users/changbeankang/Claw_For_Humanity/HOS_II/Hawk-ReSolve/ros_gazebo_rviz_moveit/06040704/install/mycobot_description/share/mycobot_description/urdf/myarm_300_pi
/Users/changbeankang/Claw_For_Humanity/HOS_II/Hawk-ReSolve/ros_gazebo_rviz_moveit/06040704/install/mycobot_description/share/mycobot_description/urdf/mycobot_pro_630
/Users/changbeankang/Claw_For_Humanity/HOS_II/Hawk-ReSolve/ros_gazebo_rviz_moveit/06040704/install/mycobot_description/lib/python3.11/site-packages/mycobot_description-0.0.0-py3.11.egg-info/PKG-INFO
/Users/changbeankang/Claw_For_Humanity/HOS_II/Hawk-ReSolve/ros_gazebo_rviz_moveit/06040704/install/mycobot_description/lib/python3.11/site-packages/mycobot_description-0.0.0-py3.11.egg-info/zip-safe
/Users/changbeankang/Claw_For_Humanity/HOS_II/Hawk-ReSolve/ros_gazebo_rviz_moveit/06040704/install/mycobot_description/lib/python3.11/site-packages/mycobot_description-0.0.0-py3.11.egg-info/SOURCES.txt
/Users/changbeankang/Claw_For_Humanity/HOS_II/Hawk-ReSolve/ros_gazebo_rviz_moveit/06040704/install/mycobot_description/lib/python3.11/site-packages/mycobot_description-0.0.0-py3.11.egg-info/requires.txt
/Users/changbeankang/Claw_For_Humanity/HOS_II/Hawk-ReSolve/ros_gazebo_rviz_moveit/06040704/install/mycobot_description/lib/python3.11/site-packages/mycobot_description-0.0.0-py3.11.egg-info/top_level.txt
/Users/changbeankang/Claw_For_Humanity/HOS_II/Hawk-ReSolve/ros_gazebo_rviz_moveit/06040704/install/mycobot_description/lib/python3.11/site-packages/mycobot_description-0.0.0-py3.11.egg-info/dependency_links.txt
