[0.125s] Invoking command in '/home/cfh/ntest/build/six_dof_arm': CMAKE_PREFIX_PATH=${CMAKE_PREFIX_PATH}:/home/cfh/ntest/install/mycobot_description:/home/cfh/ws_moveit2/install/moveit_configs_utils:/home/cfh/ws_moveit2/install/launch_param_builder:/home/cfh/colcon_ws/install/mycobot_320pi:/home/cfh/colcon_ws/install/mycobot_description:/home/cfh/colcon_ws/install/mycobot_communication:/opt/ros/humble /usr/bin/cmake --build /home/cfh/ntest/build/six_dof_arm -- -j24 -l24
[0.142s] Invoked command in '/home/cfh/ntest/build/six_dof_arm' returned '0': CMAKE_PREFIX_PATH=${CMAKE_PREFIX_PATH}:/home/cfh/ntest/install/mycobot_description:/home/cfh/ws_moveit2/install/moveit_configs_utils:/home/cfh/ws_moveit2/install/launch_param_builder:/home/cfh/colcon_ws/install/mycobot_320pi:/home/cfh/colcon_ws/install/mycobot_description:/home/cfh/colcon_ws/install/mycobot_communication:/opt/ros/humble /usr/bin/cmake --build /home/cfh/ntest/build/six_dof_arm -- -j24 -l24
[0.159s] Invoking command in '/home/cfh/ntest/build/six_dof_arm': CMAKE_PREFIX_PATH=${CMAKE_PREFIX_PATH}:/home/cfh/ntest/install/mycobot_description:/home/cfh/ws_moveit2/install/moveit_configs_utils:/home/cfh/ws_moveit2/install/launch_param_builder:/home/cfh/colcon_ws/install/mycobot_320pi:/home/cfh/colcon_ws/install/mycobot_description:/home/cfh/colcon_ws/install/mycobot_communication:/opt/ros/humble /usr/bin/cmake --install /home/cfh/ntest/build/six_dof_arm
[0.162s] -- Install configuration: ""
[0.162s] -- Up-to-date: /home/cfh/ntest/install/six_dof_arm/share/six_dof_arm/launch
[0.162s] -- Up-to-date: /home/cfh/ntest/install/six_dof_arm/share/six_dof_arm/launch/gazebo.launch.py
[0.162s] -- Up-to-date: /home/cfh/ntest/install/six_dof_arm/share/six_dof_arm/launch/gazebov1.launch.py
[0.163s] -- Up-to-date: /home/cfh/ntest/install/six_dof_arm/share/six_dof_arm/urdf
[0.163s] -- Up-to-date: /home/cfh/ntest/install/six_dof_arm/share/six_dof_arm/meshes
[0.163s] -- Up-to-date: /home/cfh/ntest/install/six_dof_arm/share/ament_index/resource_index/package_run_dependencies/six_dof_arm
[0.163s] -- Up-to-date: /home/cfh/ntest/install/six_dof_arm/share/ament_index/resource_index/parent_prefix_path/six_dof_arm
[0.163s] -- Up-to-date: /home/cfh/ntest/install/six_dof_arm/share/six_dof_arm/environment/ament_prefix_path.sh
[0.163s] -- Up-to-date: /home/cfh/ntest/install/six_dof_arm/share/six_dof_arm/environment/ament_prefix_path.dsv
[0.163s] -- Up-to-date: /home/cfh/ntest/install/six_dof_arm/share/six_dof_arm/environment/path.sh
[0.163s] -- Up-to-date: /home/cfh/ntest/install/six_dof_arm/share/six_dof_arm/environment/path.dsv
[0.163s] -- Up-to-date: /home/cfh/ntest/install/six_dof_arm/share/six_dof_arm/local_setup.bash
[0.163s] -- Up-to-date: /home/cfh/ntest/install/six_dof_arm/share/six_dof_arm/local_setup.sh
[0.163s] -- Up-to-date: /home/cfh/ntest/install/six_dof_arm/share/six_dof_arm/local_setup.zsh
[0.163s] -- Up-to-date: /home/cfh/ntest/install/six_dof_arm/share/six_dof_arm/local_setup.dsv
[0.163s] -- Installing: /home/cfh/ntest/install/six_dof_arm/share/six_dof_arm/package.dsv
[0.163s] -- Up-to-date: /home/cfh/ntest/install/six_dof_arm/share/ament_index/resource_index/packages/six_dof_arm
[0.163s] -- Up-to-date: /home/cfh/ntest/install/six_dof_arm/share/six_dof_arm/cmake/six_dof_armConfig.cmake
[0.163s] -- Up-to-date: /home/cfh/ntest/install/six_dof_arm/share/six_dof_arm/cmake/six_dof_armConfig-version.cmake
[0.163s] -- Up-to-date: /home/cfh/ntest/install/six_dof_arm/share/six_dof_arm/package.xml
[0.164s] Invoked command in '/home/cfh/ntest/build/six_dof_arm' returned '0': CMAKE_PREFIX_PATH=${CMAKE_PREFIX_PATH}:/home/cfh/ntest/install/mycobot_description:/home/cfh/ws_moveit2/install/moveit_configs_utils:/home/cfh/ws_moveit2/install/launch_param_builder:/home/cfh/colcon_ws/install/mycobot_320pi:/home/cfh/colcon_ws/install/mycobot_description:/home/cfh/colcon_ws/install/mycobot_communication:/opt/ros/humble /usr/bin/cmake --install /home/cfh/ntest/build/six_dof_arm
