[0.285s] Invoking command in '/home/cfh/ntest/src/mycobot_description': PYTHONPATH=/home/cfh/ntest/build/mycobot_description/prefix_override:/home/cfh/ntest/install/mycobot_description/lib/python3.10/site-packages:${PYTHONPATH} /usr/bin/python3 -W ignore:setup.py install is deprecated setup.py egg_info --egg-base ../../build/mycobot_description build --build-base /home/cfh/ntest/build/mycobot_description/build install --record /home/cfh/ntest/build/mycobot_description/install.log --install-scripts $base/lib/mycobot_description --single-version-externally-managed install_data
[0.386s] /usr/lib/python3/dist-packages/setuptools/dist.py:723: UserWarning: Usage of dash-separated 'script-dir' will not be supported in future versions. Please use the underscore name 'script_dir' instead
[0.386s]   warnings.warn(
[0.390s] running egg_info
[0.390s] writing ../../build/mycobot_description/mycobot_description.egg-info/PKG-INFO
[0.390s] writing dependency_links to ../../build/mycobot_description/mycobot_description.egg-info/dependency_links.txt
[0.391s] writing entry points to ../../build/mycobot_description/mycobot_description.egg-info/entry_points.txt
[0.391s] writing requirements to ../../build/mycobot_description/mycobot_description.egg-info/requires.txt
[0.391s] writing top-level names to ../../build/mycobot_description/mycobot_description.egg-info/top_level.txt
[0.392s] reading manifest file '../../build/mycobot_description/mycobot_description.egg-info/SOURCES.txt'
[0.392s] adding license file 'LICENSE'
[0.392s] writing manifest file '../../build/mycobot_description/mycobot_description.egg-info/SOURCES.txt'
[0.392s] running build
[0.392s] running build_py
[0.392s] running install
[0.393s] running install_lib
[0.393s] running install_data
[0.393s] copying urdf/mycobot_320_pi_2022/mycobot_320_pi_2022.urdf -> /home/cfh/ntest/install/mycobot_description/share/mycobot_description/urdf/mycobot_320_pi_2022
[0.394s] running install_egg_info
[0.394s] removing '/home/cfh/ntest/install/mycobot_description/lib/python3.10/site-packages/mycobot_description-0.0.0-py3.10.egg-info' (and everything under it)
[0.395s] Copying ../../build/mycobot_description/mycobot_description.egg-info to /home/cfh/ntest/install/mycobot_description/lib/python3.10/site-packages/mycobot_description-0.0.0-py3.10.egg-info
[0.395s] running install_scripts
[0.406s] writing list of installed files to '/home/cfh/ntest/build/mycobot_description/install.log'
[0.422s] Invoked command in '/home/cfh/ntest/src/mycobot_description' returned '0': PYTHONPATH=/home/cfh/ntest/build/mycobot_description/prefix_override:/home/cfh/ntest/install/mycobot_description/lib/python3.10/site-packages:${PYTHONPATH} /usr/bin/python3 -W ignore:setup.py install is deprecated setup.py egg_info --egg-base ../../build/mycobot_description build --build-base /home/cfh/ntest/build/mycobot_description/build install --record /home/cfh/ntest/build/mycobot_description/install.log --install-scripts $base/lib/mycobot_description --single-version-externally-managed install_data
